<?xml version='1.0'?>
<ns2:test-suite xmlns:ns2='urn:model.allure.qatools.yandex.ru' start='1622670540547' stop='1622670540572'>
    <name>Mathematical Operations - Test Suite</name>
    <title>Mathematical Operations - Test Suite</title>
    <test-cases>
        <test-case start='1622670540548' status='passed' stop='1622670540551'>
            <name>Addition of two numbers</name>
            <title>Addition of two numbers</title>
            <labels>
                <label name='language' value='javascript'/>
                <label name='framework' value='wdio'/>
                <label name='thread' value='0-2'/>
            </labels>
            <parameters>
                <parameter kind='argument' name='browser' value='chrome-91.0.4472.77'/>
            </parameters>
            <steps/>
            <attachments/>
        </test-case>
        <test-case start='1622670540552' status='passed' stop='1622670540553'>
            <name>Subtraction of two numbers</name>
            <title>Subtraction of two numbers</title>
            <labels>
                <label name='language' value='javascript'/>
                <label name='framework' value='wdio'/>
                <label name='thread' value='0-2'/>
            </labels>
            <parameters>
                <parameter kind='argument' name='browser' value='chrome-91.0.4472.77'/>
            </parameters>
            <steps/>
            <attachments/>
        </test-case>
        <test-case start='1622670540553' status='broken' stop='1622670540569'>
            <name>Multiplication of two numbers</name>
            <title>Multiplication of two numbers</title>
            <labels>
                <label name='language' value='javascript'/>
                <label name='framework' value='wdio'/>
                <label name='thread' value='0-2'/>
            </labels>
            <parameters>
                <parameter kind='argument' name='browser' value='chrome-91.0.4472.77'/>
            </parameters>
            <steps>
                <step start='1622670540564' status='broken' stop='1622670540569'>
                    <name>GET /session/:sessionId/screenshot</name>
                    <title>GET /session/:sessionId/screenshot</title>
                    <attachments/>
                    <steps/>
                </step>
            </steps>
            <attachments/>
            <failure>
                <message>100 == 150</message>
                <stack-trace>AssertionError [ERR_ASSERTION]: 100 == 150
                    at Context.&lt;anonymous> (D:\WebDriver6\tests\/testMath.js:39:16)
                    at Context.executeAsync (D:\WebDriver6\node_modules\@wdio\utils\build\shim.js:136:25)
                    at Context.testFrameworkFnWrapper (D:\WebDriver6\node_modules\@wdio\utils\build\test-framework\testFnWrapper.js:45:32)</stack-trace>
            </failure>
        </test-case>
        <test-case start='1622670540570' status='passed' stop='1622670540571'>
            <name>Division of two numbers</name>
            <title>Division of two numbers</title>
            <labels>
                <label name='language' value='javascript'/>
                <label name='framework' value='wdio'/>
                <label name='thread' value='0-2'/>
            </labels>
            <parameters>
                <parameter kind='argument' name='browser' value='chrome-91.0.4472.77'/>
            </parameters>
            <steps/>
            <attachments/>
        </test-case>
    </test-cases>
</ns2:test-suite>